#
# There is insufficient memory for the Java Runtime Environment to continue.
# Native memory allocation (mmap) failed to map 394264576 bytes for G1 virtual space
# Possible reasons:
#   The system is out of physical RAM or swap space
#   The process is running with CompressedOops enabled, and the Java Heap may be blocking the growth of the native heap
# Possible solutions:
#   Reduce memory load on the system
#   Increase physical memory or swap space
#   Check if swap backing store is full
#   Decrease Java heap size (-Xmx/-Xms)
#   Decrease number of Java threads
#   Decrease Java thread stack sizes (-Xss)
#   Set larger code cache with -XX:ReservedCodeCacheSize=
#   JVM is running with Zero Based Compressed Oops mode in which the Java heap is
#     placed in the first 32GB address space. The Java Heap base address is the
#     maximum limit for the native heap growth. Please use -XX:HeapBaseMinAddress
#     to set the Java Heap base and to place the Java Heap above 32GB virtual address.
# This output file may be truncated or incomplete.
#
#  Out of Memory Error (os_windows.cpp:3825), pid=78412, tid=58096
#
# JRE version:  (17.0.10) (build )
# Java VM: OpenJDK 64-Bit Server VM (17.0.10+0--11572160, mixed mode, sharing, tiered, compressed oops, compressed class ptrs, g1 gc, windows-amd64)
# No core dump will be written. Minidumps are not enabled by default on client versions of Windows
#

---------------  S U M M A R Y ------------

Command Line: 

Host: AMD Ryzen 5 4600H with Radeon Graphics         , 12 cores, 23G,  Windows 11 , 64 bit Build 22621 (10.0.22621.3527)
Time: Mon May 27 19:43:15 2024 Hora estándar central (México) elapsed time: 0.019582 seconds (0d 0h 0m 0s)

---------------  T H R E A D  ---------------

Current thread (0x00000157288b9520):  JavaThread "Unknown thread" [_thread_in_vm, id=58096, stack(0x0000004ebb900000,0x0000004ebba00000)]

Stack: [0x0000004ebb900000,0x0000004ebba00000]
Native frames: (J=compiled Java code, j=interpreted, Vv=VM code, C=native code)
V  [jvm.dll+0x688e89]
V  [jvm.dll+0x84247a]
V  [jvm.dll+0x8440be]
V  [jvm.dll+0x844723]
V  [jvm.dll+0x24be0f]
V  [jvm.dll+0x685c59]
V  [jvm.dll+0x67a50a]
V  [jvm.dll+0x30cbab]
V  [jvm.dll+0x314056]
V  [jvm.dll+0x363dce]
V  [jvm.dll+0x363fff]
V  [jvm.dll+0x2e2978]
V  [jvm.dll+0x2e38e4]
V  [jvm.dll+0x813011]
V  [jvm.dll+0x371c81]
V  [jvm.dll+0x7f1b66]
V  [jvm.dll+0x3f58df]
V  [jvm.dll+0x3f7511]
C  [jli.dll+0x528f]
C  [ucrtbase.dll+0x29333]
C  [KERNEL32.DLL+0x1257d]
C  [ntdll.dll+0x5aa48]


---------------  P R O C E S S  ---------------

Threads class SMR info:
_java_thread_list=0x00007ffbff19ef58, length=0, elements={
}

Java Threads: ( => current thread )

Other Threads:
  0x000001572893fe40 GCTaskThread "GC Thread#0" [stack: 0x0000004ebba00000,0x0000004ebbb00000] [id=97756]
  0x000001572894c8e0 ConcurrentGCThread "G1 Main Marker" [stack: 0x0000004ebbb00000,0x0000004ebbc00000] [id=84592]
  0x000001572894eab0 ConcurrentGCThread "G1 Conc#0" [stack: 0x0000004ebbc00000,0x0000004ebbd00000] [id=45532]

[error occurred during error reporting (printing all threads), id 0xc0000005, EXCEPTION_ACCESS_VIOLATION (0xc0000005) at pc=0x00007ffbfe953547]

VM state: not at safepoint (not fully initialized)

VM Mutex/Monitor currently owned by a thread:  ([mutex/lock_event])
[0x00000157288b42d0] Heap_lock - owner thread: 0x00000157288b9520

Heap address: 0x0000000689400000, size: 5996 MB, Compressed Oops mode: Zero based, Oop shift amount: 3

CDS archive(s) mapped at: [0x0000000000000000-0x0000000000000000-0x0000000000000000), size 0, SharedBaseAddress: 0x0000000800000000, ArchiveRelocationMode: 1.
Narrow klass base: 0x0000000000000000, Narrow klass shift: 0, Narrow klass range: 0x0

GC Precious Log:
<Empty>

Heap:
 garbage-first heap   total 0K, used 0K [0x0000000689400000, 0x0000000800000000)
  region size 4096K, 0 young (0K), 0 survivors (0K)
 Metaspace       used 0K, committed 0K, reserved 0K
  class space    used 0K, committed 0K, reserved 0K

Heap Regions: E=young(eden), S=young(survivor), O=old, HS=humongous(starts), HC=humongous(continues), CS=collection set, F=free, OA=open archive, CA=closed archive, TAMS=top-at-mark-start (previous, next)

Card table byte_map: [0x000001573bea0000,0x000001573ca60000] _byte_map_base: 0x0000015738a56000

Marking Bits (Prev, Next): (CMBitMap*) 0x0000015728940460, (CMBitMap*) 0x00000157289404a0
 Prev Bits: [0x000001573d620000, 0x00000157433d0000)
 Next Bits: [0x00000157433d0000, 0x0000015749180000)

GC Heap History (0 events):
No events

Dll operation events (1 events):
Event: 0.013 Loaded shared library C:\Program Files\Android\Android Studio\jbr\bin\java.dll

Deoptimization events (0 events):
No events

Classes unloaded (0 events):
No events

Classes redefined (0 events):
No events

Internal exceptions (0 events):
No events

VM Operations (0 events):
No events

Events (0 events):
No events


Dynamic libraries:
0x00007ff6f0280000 - 0x00007ff6f028a000 	C:\Program Files\Android\Android Studio\jbr\bin\java.EXE
0x00007ffc83dd0000 - 0x00007ffc83fe7000 	C:\WINDOWS\SYSTEM32\ntdll.dll
0x00007ffc81ce0000 - 0x00007ffc81da4000 	C:\WINDOWS\System32\KERNEL32.DLL
0x00007ffc81690000 - 0x00007ffc81a37000 	C:\WINDOWS\System32\KERNELBASE.dll
0x00007ffc81170000 - 0x00007ffc81281000 	C:\WINDOWS\System32\ucrtbase.dll
0x00007ffc70b20000 - 0x00007ffc70b3b000 	C:\Program Files\Android\Android Studio\jbr\bin\VCRUNTIME140.dll
0x00007ffc6ed90000 - 0x00007ffc6eda7000 	C:\Program Files\Android\Android Studio\jbr\bin\jli.dll
0x00007ffc83100000 - 0x00007ffc832ae000 	C:\WINDOWS\System32\USER32.dll
0x00007ffc813a0000 - 0x00007ffc813c6000 	C:\WINDOWS\System32\win32u.dll
0x00007ffc82000000 - 0x00007ffc82029000 	C:\WINDOWS\System32\GDI32.dll
0x00007ffc81540000 - 0x00007ffc81659000 	C:\WINDOWS\System32\gdi32full.dll
0x00007ffc81300000 - 0x00007ffc8139a000 	C:\WINDOWS\System32\msvcp_win.dll
0x00007ffc6d020000 - 0x00007ffc6d2b3000 	C:\WINDOWS\WinSxS\amd64_microsoft.windows.common-controls_6595b64144ccf1df_6.0.22621.3527_none_270e469b73872a76\COMCTL32.dll
0x00007ffc83040000 - 0x00007ffc830e7000 	C:\WINDOWS\System32\msvcrt.dll
0x00007ffc81f10000 - 0x00007ffc81f41000 	C:\WINDOWS\System32\IMM32.DLL
0x00007ffc740c0000 - 0x00007ffc740cc000 	C:\Program Files\Android\Android Studio\jbr\bin\vcruntime140_1.dll
0x00007ffc70a90000 - 0x00007ffc70b1d000 	C:\Program Files\Android\Android Studio\jbr\bin\msvcp140.dll
0x00007ffbfe660000 - 0x00007ffbff2e3000 	C:\Program Files\Android\Android Studio\jbr\bin\server\jvm.dll
0x00007ffc81b00000 - 0x00007ffc81bb2000 	C:\WINDOWS\System32\ADVAPI32.dll
0x00007ffc81f50000 - 0x00007ffc81ff8000 	C:\WINDOWS\System32\sechost.dll
0x00007ffc81660000 - 0x00007ffc81688000 	C:\WINDOWS\System32\bcrypt.dll
0x00007ffc81bc0000 - 0x00007ffc81cd5000 	C:\WINDOWS\System32\RPCRT4.dll
0x00007ffc80b90000 - 0x00007ffc80bdd000 	C:\WINDOWS\SYSTEM32\POWRPROF.dll
0x00007ffc7e370000 - 0x00007ffc7e379000 	C:\WINDOWS\SYSTEM32\WSOCK32.dll
0x00007ffc83410000 - 0x00007ffc83481000 	C:\WINDOWS\System32\WS2_32.dll
0x00007ffc78db0000 - 0x00007ffc78dba000 	C:\WINDOWS\SYSTEM32\VERSION.dll
0x00007ffc78790000 - 0x00007ffc787c4000 	C:\WINDOWS\SYSTEM32\WINMM.dll
0x00007ffc80a30000 - 0x00007ffc80a43000 	C:\WINDOWS\SYSTEM32\UMPDC.dll
0x00007ffc800b0000 - 0x00007ffc800c8000 	C:\WINDOWS\SYSTEM32\kernel.appcore.dll
0x00007ffc7c3a0000 - 0x00007ffc7c3aa000 	C:\Program Files\Android\Android Studio\jbr\bin\jimage.dll
0x00007ffc74790000 - 0x00007ffc749c2000 	C:\WINDOWS\SYSTEM32\DBGHELP.DLL
0x00007ffc82cb0000 - 0x00007ffc83038000 	C:\WINDOWS\System32\combase.dll
0x00007ffc81e30000 - 0x00007ffc81f07000 	C:\WINDOWS\System32\OLEAUT32.dll
0x00007ffc6d6f0000 - 0x00007ffc6d722000 	C:\WINDOWS\SYSTEM32\dbgcore.DLL
0x00007ffc810f0000 - 0x00007ffc81169000 	C:\WINDOWS\System32\bcryptPrimitives.dll
0x00007ffc70a00000 - 0x00007ffc70a25000 	C:\Program Files\Android\Android Studio\jbr\bin\java.dll

dbghelp: loaded successfully - version: 4.0.5 - missing functions: none
symbol engine: initialized successfully - sym options: 0x614 - pdb path: .;C:\Program Files\Android\Android Studio\jbr\bin;C:\WINDOWS\SYSTEM32;C:\WINDOWS\WinSxS\amd64_microsoft.windows.common-controls_6595b64144ccf1df_6.0.22621.3527_none_270e469b73872a76;C:\Program Files\Android\Android Studio\jbr\bin\server

VM Arguments:
java_command: <unknown>
java_class_path (initial): <not set>
Launcher Type: SUN_STANDARD

[Global flags]
     intx CICompilerCount                          = 4                                         {product} {ergonomic}
     uint ConcGCThreads                            = 3                                         {product} {ergonomic}
     uint G1ConcRefinementThreads                  = 10                                        {product} {ergonomic}
   size_t G1HeapRegionSize                         = 4194304                                   {product} {ergonomic}
    uintx GCDrainStackTargetSize                   = 64                                        {product} {ergonomic}
   size_t InitialHeapSize                          = 394264576                                 {product} {ergonomic}
   size_t MarkStackSize                            = 4194304                                   {product} {ergonomic}
   size_t MaxHeapSize                              = 6287261696                                {product} {ergonomic}
   size_t MinHeapDeltaBytes                        = 4194304                                   {product} {ergonomic}
   size_t MinHeapSize                              = 8388608                                   {product} {ergonomic}
    uintx NonNMethodCodeHeapSize                   = 5839372                                {pd product} {ergonomic}
    uintx NonProfiledCodeHeapSize                  = 122909434                              {pd product} {ergonomic}
    uintx ProfiledCodeHeapSize                     = 122909434                              {pd product} {ergonomic}
    uintx ReservedCodeCacheSize                    = 251658240                              {pd product} {ergonomic}
     bool SegmentedCodeCache                       = true                                      {product} {ergonomic}
   size_t SoftMaxHeapSize                          = 6287261696                             {manageable} {ergonomic}
     bool UseCompressedClassPointers               = true                           {product lp64_product} {ergonomic}
     bool UseCompressedOops                        = true                           {product lp64_product} {ergonomic}
     bool UseG1GC                                  = true                                      {product} {ergonomic}
     bool UseLargePagesIndividualAllocation        = false                                  {pd product} {ergonomic}

Logging:
Log output configuration:
 #0: stdout all=warning uptime,level,tags
 #1: stderr all=off uptime,level,tags

Environment Variables:
JAVA_HOME=C:\Program Files\Android\Android Studio\jbr
PATH=C:\Program Files\Android\Android Studio\jbr\bin;C:\WINDOWS\system32;C:\WINDOWS;C:\WINDOWS\System32\Wbem;C:\WINDOWS\System32\WindowsPowerShell\v1.0\;C:\WINDOWS\System32\OpenSSH\;C:\Program Files\Git\cmd;C:\Program Files (x86)\NVIDIA Corporation\PhysX\Common;C:\Program Files\NVIDIA Corporation\NVIDIA NvDLISR;C:\Program Files\dotnet\;C:\ProgramData\chocolatey\bin;%NVM_HOME%;%NVM_SYMLINK%;C:\Users\Marvi\AppData\Local\Programs\Python\Launcher\;C:\Users\Marvi\AppData\Local\Microsoft\WindowsApps;C:\Users\Marvi\AppData\Local\Programs\Microsoft VS Code\bin;C:\Users\Marvi\AppData\Local\GitHubDesktop\bin;C:\flutter\bin;C:\dart\bin;C:\Users\Marvi\AppData\Roaming\npm;C:\Users\Marvi\AppData\Roaming\nvm;C:\Program Files\nodejs;C:\flutter\bin\mingit\cmd
USERNAME=Marvi
OS=Windows_NT
PROCESSOR_IDENTIFIER=AMD64 Family 23 Model 96 Stepping 1, AuthenticAMD
TMP=C:\Users\Marvi\AppData\Local\Temp
TEMP=C:\Users\Marvi\AppData\Local\Temp



Periodic native trim disabled

JNI global refs:
JNI global refs: 0, weak refs: 0

JNI global refs memory usage: 0, weak refs: 0

OOME stack traces (most recent first):
Classloader memory used:


---------------  S Y S T E M  ---------------

OS:
 Windows 11 , 64 bit Build 22621 (10.0.22621.3527)
OS uptime: 2 days 3:00 hours

CPU: total 12 (initial active 12) (12 cores per cpu, 2 threads per core) family 23 model 96 stepping 1 microcode 0x0, cx8, cmov, fxsr, ht, mmx, 3dnowpref, sse, sse2, sse3, ssse3, sse4a, sse4.1, sse4.2, popcnt, lzcnt, tsc, tscinvbit, avx, avx2, aes, clmul, bmi1, bmi2, adx, sha, fma, vzeroupper, clflush, clflushopt
Processor Information for all 12 processors :
  Max Mhz: 3000, Current Mhz: 3000, Mhz Limit: 3000

Memory: 4k page, system-wide physical 23981M (6001M free)
TotalPageFile size 23981M (AvailPageFile size 315M)
current process WorkingSet (physical memory assigned to process): 12M, peak: 12M
current process commit charge ("private bytes"): 64M, peak: 440M

vm_info: OpenJDK 64-Bit Server VM (17.0.10+0--11572160) for windows-amd64 JRE (17.0.10+0--11572160), built on Mar 13 2024 23:56:38 by "androidbuild" with MS VC++ 16.10 / 16.11 (VS2019)

END.
